<?xml version="1.0" encoding="UTF-8"?>
<testsuite xmlns:xsi="http://www.w3.org/2001/XMLSchema-instance" xsi:noNamespaceSchemaLocation="https://maven.apache.org/surefire/maven-surefire-plugin/xsd/surefire-test-report-3.0.xsd" version="3.0" name="com.gengar.taskflow.repository.TaskRepositoryTest" time="0.682" tests="1" errors="1" skipped="0" failures="0">
  <properties>
[...]
</properties>
  <testcase name="" classname="com.gengar.taskflow.repository.TaskRepositoryTest" time="0.682">
    <error message="Could not find a valid Docker environment. Please see logs and check configuration" type="java.lang.IllegalStateException"><![CDATA[java.lang.IllegalStateException: Could not find a valid Docker environment. Please see logs and check configuration
	at org.testcontainers.dockerclient.DockerClientProviderStrategy.lambda$getFirstValidStrategy$7(DockerClientProviderStrategy.java:277)
	at java.base/java.util.Optional.orElseThrow(Optional.java:403)
	at org.testcontainers.dockerclient.DockerClientProviderStrategy.getFirstValidStrategy(DockerClientProviderStrategy.java:268)
	at org.testcontainers.DockerClientFactory.getOrInitializeStrategy(DockerClientFactory.java:152)
	at org.testcontainers.DockerClientFactory.client(DockerClientFactory.java:194)
	at org.testcontainers.DockerClientFactory$1.getDockerClient(DockerClientFactory.java:106)
	at com.github.dockerjava.api.DockerClientDelegate.authConfig(DockerClientDelegate.java:109)
	at org.testcontainers.containers.GenericContainer.start(GenericContainer.java:329)
	at org.testcontainers.junit.jupiter.TestcontainersExtension$StoreAdapter.start(TestcontainersExtension.java:280)
	at org.testcontainers.junit.jupiter.TestcontainersExtension$StoreAdapter.access$200(TestcontainersExtension.java:267)
	at org.testcontainers.junit.jupiter.TestcontainersExtension.lambda$null$4(TestcontainersExtension.java:82)
	at org.testcontainers.junit.jupiter.TestcontainersExtension.lambda$startContainers$5(TestcontainersExtension.java:82)
	at java.base/java.util.ArrayList.forEach(ArrayList.java:1597)
	at org.testcontainers.junit.jupiter.TestcontainersExtension.startContainers(TestcontainersExtension.java:82)
	at org.testcontainers.junit.jupiter.TestcontainersExtension.beforeAll(TestcontainersExtension.java:56)
	at java.base/java.util.ArrayList.forEach(ArrayList.java:1597)
]]></error>
    <system-out><![CDATA[2026-04-16T00:27:01.845+05:30  INFO 9700 --- [taskflow-engine] [           main] org.testcontainers.images.PullPolicy     : Image pull policy will be performed by: DefaultPullPolicy()
2026-04-16T00:27:01.857+05:30  INFO 9700 --- [taskflow-engine] [           main] o.t.utility.ImageNameSubstitutor         : Image name substitution will be performed by: DefaultImageNameSubstitutor (composite of 'ConfigurationFileImageNameSubstitutor' and 'PrefixingImageNameSubstitutor')
2026-04-16T00:27:02.349+05:30  INFO 9700 --- [taskflow-engine] [           main] .t.d.DockerMachineClientProviderStrategy : docker-machine executable was not found on PATH ([C:\Program Files\Common Files\Oracle\Java\javapath, C:\Program Files (x86)\Common Files\Oracle\Java\java8path, C:\Program Files (x86)\Common Files\Oracle\Java\javapath, C:\windows\system32, C:\windows, C:\windows\System32\Wbem, C:\windows\System32\WindowsPowerShell\v1.0\, C:\windows\System32\OpenSSH\, C:\Program Files\dotnet\, C:\Users\uttam\AppData\Local\Programs\Python\Python312\, C:\Users\uttam\AppData\Local\Programs\Python\Python312\Scripts\, C:\WINDOWS\system32, C:\WINDOWS, C:\WINDOWS\System32\Wbem, C:\WINDOWS\System32\WindowsPowerShell\v1.0\, C:\WINDOWS\System32\OpenSSH\, C:\Program Files\nodejs\, C:\Program Files\MySQL\MySQL Server 8.0\bin, C:\Program Files\Git\cmd, C:\Program Files\MongoDB\Server\8.2\bin, C:\Users\uttam\Downloads\apache-maven-3.9.13-bin\apache-maven-3.9.13\bin, C:\Program Files\MySQL\MySQL Shell 8.0\bin\, C:\Users\uttam\AppData\Local\Microsoft\WindowsApps, C:\Users\uttam\AppData\Local\GitHubDesktop\bin, C:\Users\uttam\AppData\Local\Programs\Microsoft VS Code\bin, C:\Users\uttam\AppData\Roaming\npm, C:\Users\uttam\AppData\Local\Programs\cursor\resources\app\bin, C:\Users\uttam\AppData\Local\Programs\Antigravity\bin])
2026-04-16T00:27:02.350+05:30 ERROR 9700 --- [taskflow-engine] [           main] o.t.d.DockerClientProviderStrategy       : Could not find a valid Docker environment. Please check configuration. Attempted configurations were:
As no valid configuration was found, execution cannot continue.
See https://java.testcontainers.org/on_failure.html for more details.
2026-04-16T00:27:02.357+05:30  INFO 9700 --- [taskflow-engine] [           main] t.c.s.AnnotationConfigContextLoaderUtils : Could not detect default configuration classes for test class [com.gengar.taskflow.repository.TaskRepositoryTest]: TaskRepositoryTest does not declare any static, non-private, non-final, nested classes annotated with @Configuration.
2026-04-16T00:27:02.392+05:30  INFO 9700 --- [taskflow-engine] [           main] .b.t.c.SpringBootTestContextBootstrapper : Found @SpringBootConfiguration com.gengar.taskflow.TaskFlowApplication for test class com.gengar.taskflow.repository.TaskRepositoryTest
]]></system-out>
  </testcase>
</testsuite>