<?xml version="1.0" encoding="UTF-8"?>
<testsuite xmlns:xsi="http://www.w3.org/2001/XMLSchema-instance" xsi:noNamespaceSchemaLocation="https://maven.apache.org/surefire/maven-surefire-plugin/xsd/surefire-test-report-3.0.xsd" version="3.0" name="com.gengar.taskflow.controller.TaskControllerTest" time="11.529" tests="3" errors="0" skipped="0" failures="0">
  <properties>
[...]
</properties>
  <testcase name="createTask_ValidPayload_Returns201" classname="com.gengar.taskflow.controller.TaskControllerTest" time="0.952">
    <system-out><![CDATA[16:57:04.665 [main] INFO org.springframework.test.context.support.AnnotationConfigContextLoaderUtils -- Could not detect default configuration classes for test class [com.gengar.taskflow.controller.TaskControllerTest]: TaskControllerTest does not declare any static, non-private, non-final, nested classes annotated with @Configuration.
16:57:05.244 [main] INFO org.springframework.boot.test.context.SpringBootTestContextBootstrapper -- Found @SpringBootConfiguration com.gengar.taskflow.TaskFlowApplication for test class com.gengar.taskflow.controller.TaskControllerTest

  .   ____          _            __ _ _
 /\\ / ___'_ __ _ _(_)_ __  __ _ \ \ \ \
( ( )\___ | '_ | '_| | '_ \/ _` | \ \ \ \
 \\/  ___)| |_)| | | | | || (_| |  ) ) ) )
  '  |____| .__|_| |_|_| |_\__, | / / / /
 =========|_|==============|___/=/_/_/_/
 :: Spring Boot ::                (v3.2.4)

2026-04-18T16:57:07.146+05:30  INFO 21892 --- [taskflow-engine] [           main] c.g.t.controller.TaskControllerTest      : Starting TaskControllerTest using Java 23 with PID 21892 (started by uttam in C:\Users\uttam\GitHub\taskflow-engine)
2026-04-18T16:57:07.148+05:30 DEBUG 21892 --- [taskflow-engine] [           main] c.g.t.controller.TaskControllerTest      : Running with Spring Boot v3.2.4, Spring v6.1.5
2026-04-18T16:57:07.151+05:30  INFO 21892 --- [taskflow-engine] [           main] c.g.t.controller.TaskControllerTest      : The following 1 profile is active: "dev"
2026-04-18T16:57:14.192+05:30  INFO 21892 --- [taskflow-engine] [           main] o.s.b.t.m.w.SpringBootMockServletContext : Initializing Spring TestDispatcherServlet ''
2026-04-18T16:57:14.194+05:30  INFO 21892 --- [taskflow-engine] [           main] o.s.t.web.servlet.TestDispatcherServlet  : Initializing Servlet ''
2026-04-18T16:57:14.201+05:30  INFO 21892 --- [taskflow-engine] [           main] o.s.t.web.servlet.TestDispatcherServlet  : Completed initialization in 4 ms
2026-04-18T16:57:14.280+05:30  INFO 21892 --- [taskflow-engine] [           main] c.g.t.controller.TaskControllerTest      : Started TaskControllerTest in 8.727 seconds (process running for 12.494)
]]></system-out>
    <system-err><![CDATA[WARNING: A Java agent has been loaded dynamically (C:\Users\uttam\.m2\repository\net\bytebuddy\byte-buddy-agent\1.14.12\byte-buddy-agent-1.14.12.jar)
WARNING: If a serviceability tool is in use, please run with -XX:+EnableDynamicAgentLoading to hide this warning
WARNING: If a serviceability tool is not in use, please run with -Djdk.instrument.traceUsage for more information
WARNING: Dynamic loading of agents will be disallowed by default in a future release
]]></system-err>
  </testcase>
  <testcase name="createTask_InvalidTitle_Returns400WithRFC7807" classname="com.gengar.taskflow.controller.TaskControllerTest" time="0.093"/>
  <testcase name="getTaskById_NotFound_Returns404WithRFC7807" classname="com.gengar.taskflow.controller.TaskControllerTest" time="0.039"/>
</testsuite>